mode time Mu[1,1] Mu[2,1] Mu[3,1] rho[1] PI[1,1,1] PI[2,1,1] PI[3,1,1] alpha[1,1] alpha[2,1] alpha[3,1] lambda[1] lambda[2] lambda[3] theta[1] loglikelihood
EM 0.3052 0.3074 0.3874 0.1712 0 0 0 1 1 1 0 0 0 0.005034 -70739.7202
EM 0.284 0.2856 0.4304 0.1565 0 0 0 1 1 1 0 0 0 0.00549 -70330.0512
EM 0.2689 0.2681 0.463 0.1459 0 0 0 1 1 1 0 0 0 0.005744 -70112.5508
EM 0.2588 0.2547 0.4865 0.1385 0 0 0 1 1 1 0 0 0 0.005922 -70003.3898
EM 0.2524 0.2447 0.5029 0.1335 0 0 0 1 1 1 0 0 0 0.006056 -69951.0124
EM 0.2487 0.2372 0.5141 0.1301 0 0 0 1 1 1 0 0 0 0.006159 -69926.5936
EM 0.2467 0.2317 0.5216 0.1278 0 0 0 1 1 1 0 0 0 0.006234 -69915.3532
EM 0.2458 0.2276 0.5266 0.1263 0 0 0 1 1 1 0 0 0 0.006289 -69910.1653
EM 0.2456 0.2246 0.5299 0.1253 0 0 0 1 1 1 0 0 0 0.006326 -69907.7277
EM 0.2457 0.2222 0.532 0.1247 0 0 0 1 1 1 0 0 0 0.006352 -69906.5443
EM 0.2461 0.2204 0.5335 0.1242 0 0 0 1 1 1 0 0 0 0.00637 -69905.9426
EM 0.2465 0.219 0.5345 0.124 0 0 0 1 1 1 0 0 0 0.006382 -69905.6193
EM 0.247 0.2179 0.5351 0.1238 0 0 0 1 1 1 0 0 0 0.00639 -69905.4353
EM 0.2474 0.217 0.5356 0.1237 0 0 0 1 1 1 0 0 0 0.006395 -69905.3249
EM 0.2478 0.2163 0.5359 0.1236 0 0 0 1 1 1 0 0 0 0.006398 -69905.2555
EM 0.2481 0.2157 0.5361 0.1235 0 0 0 1 1 1 0 0 0 0.006401 -69905.2105
EM 0.2484 0.2153 0.5363 0.1235 0 0 0 1 1 1 0 0 0 0.006402 -69905.1805
EM 0.2487 0.2149 0.5364 0.1235 0 0 0 1 1 1 0 0 0 0.006403 -69905.1602
EM 0.2489 0.2146 0.5365 0.1235 0 0 0 1 1 1 0 0 0 0.006404 -69905.1462
